[06-Nov-2023 12:49:42 UTC] PHP Fatal error:  Uncaught TypeError: call_user_func_array(): Argument #1 ($callback) must be a valid callback, function "ch2lfa_link_filter_analytics" not found or invalid function name in C:\Users\user\Local Sites\wpTuto\wpplugintuto\app\public\wp-includes\class-wp-hook.php:310
Stack trace:
#0 C:\Users\user\Local Sites\wpTuto\wpplugintuto\app\public\wp-includes\plugin.php(205): WP_Hook->apply_filters('<p>Bienvenue su...', Array)
#1 C:\Users\user\Local Sites\wpTuto\wpplugintuto\app\public\wp-includes\formatting.php(3980): apply_filters('the_content', '\n<p>Bienvenue s...')
#2 C:\Users\user\Local Sites\wpTuto\wpplugintuto\app\public\wp-includes\class-wp-hook.php(310): wp_trim_excerpt('\n<p>Bienvenue s...', Object(WP_Post))
#3 C:\Users\user\Local Sites\wpTuto\wpplugintuto\app\public\wp-includes\plugin.php(205): WP_Hook->apply_filters('', Array)
#4 C:\Users\user\Local Sites\wpTuto\wpplugintuto\app\public\wp-includes\post-template.php(434): apply_filters('get_the_excerpt', '', Object(WP_Post))
#5 C:\Users\user\Local Sites\wpTuto\wpplugintuto\app\public\wp-includes\blocks\post-excerpt.php(28): get_the_excerpt(Object(WP_Post))
#6 C:\Users\user\Local Sites\wpTuto\wpplugintuto\app\public\wp-includes\class-wp-block.php(258): render_block_core_post_excerpt(Array, '', Object(WP_Block))
#7 C:\Users\user\Local Sites\wpTuto\wpplugintuto\app\public\wp-includes\class-wp-block.php(244): WP_Block->render()
#8 C:\Users\user\Local Sites\wpTuto\wpplugintuto\app\public\wp-includes\blocks\post-template.php(107): WP_Block->render(Array)
#9 C:\Users\user\Local Sites\wpTuto\wpplugintuto\app\public\wp-includes\class-wp-block.php(258): render_block_core_post_template(Array, '', Object(WP_Block))
#10 C:\Users\user\Local Sites\wpTuto\wpplugintuto\app\public\wp-includes\class-wp-block.php(244): WP_Block->render()
#11 C:\Users\user\Local Sites\wpTuto\wpplugintuto\app\public\wp-includes\class-wp-block.php(244): WP_Block->render()
#12 C:\Users\user\Local Sites\wpTuto\wpplugintuto\app\public\wp-includes\blocks.php(1133): WP_Block->render()
#13 C:\Users\user\Local Sites\wpTuto\wpplugintuto\app\public\wp-includes\blocks.php(1171): render_block(Array)
#14 C:\Users\user\Local Sites\wpTuto\wpplugintuto\app\public\wp-includes\block-template.php(231): do_blocks('<!-- wp:templat...')
#15 C:\Users\user\Local Sites\wpTuto\wpplugintuto\app\public\wp-includes\template-canvas.php(12): get_the_block_template_html()
#16 C:\Users\user\Local Sites\wpTuto\wpplugintuto\app\public\wp-includes\template-loader.php(106): include('C:\\Users\\user\\L...')
#17 C:\Users\user\Local Sites\wpTuto\wpplugintuto\app\public\wp-blog-header.php(19): require_once('C:\\Users\\user\\L...')
#18 C:\Users\user\Local Sites\wpTuto\wpplugintuto\app\public\index.php(17): require('C:\\Users\\user\\L...')
#19 {main}
  thrown in C:\Users\user\Local Sites\wpTuto\wpplugintuto\app\public\wp-includes\class-wp-hook.php on line 310
[06-Nov-2023 13:00:41 UTC] PHP Fatal error:  Uncaught TypeError: call_user_func_array(): Argument #1 ($callback) must be a valid callback, function "ch2lfa_link_filter_analytics" not found or invalid function name in C:\Users\user\Local Sites\wpTuto\wpplugintuto\app\public\wp-includes\class-wp-hook.php:310
Stack trace:
#0 C:\Users\user\Local Sites\wpTuto\wpplugintuto\app\public\wp-includes\plugin.php(205): WP_Hook->apply_filters('<p>Bienvenue su...', Array)
#1 C:\Users\user\Local Sites\wpTuto\wpplugintuto\app\public\wp-includes\formatting.php(3980): apply_filters('the_content', '\n<p>Bienvenue s...')
#2 C:\Users\user\Local Sites\wpTuto\wpplugintuto\app\public\wp-includes\class-wp-hook.php(310): wp_trim_excerpt('\n<p>Bienvenue s...', Object(WP_Post))
#3 C:\Users\user\Local Sites\wpTuto\wpplugintuto\app\public\wp-includes\plugin.php(205): WP_Hook->apply_filters('', Array)
#4 C:\Users\user\Local Sites\wpTuto\wpplugintuto\app\public\wp-includes\post-template.php(434): apply_filters('get_the_excerpt', '', Object(WP_Post))
#5 C:\Users\user\Local Sites\wpTuto\wpplugintuto\app\public\wp-includes\blocks\post-excerpt.php(28): get_the_excerpt(Object(WP_Post))
#6 C:\Users\user\Local Sites\wpTuto\wpplugintuto\app\public\wp-includes\class-wp-block.php(258): render_block_core_post_excerpt(Array, '', Object(WP_Block))
#7 C:\Users\user\Local Sites\wpTuto\wpplugintuto\app\public\wp-includes\class-wp-block.php(244): WP_Block->render()
#8 C:\Users\user\Local Sites\wpTuto\wpplugintuto\app\public\wp-includes\blocks\post-template.php(107): WP_Block->render(Array)
#9 C:\Users\user\Local Sites\wpTuto\wpplugintuto\app\public\wp-includes\class-wp-block.php(258): render_block_core_post_template(Array, '', Object(WP_Block))
#10 C:\Users\user\Local Sites\wpTuto\wpplugintuto\app\public\wp-includes\class-wp-block.php(244): WP_Block->render()
#11 C:\Users\user\Local Sites\wpTuto\wpplugintuto\app\public\wp-includes\class-wp-block.php(244): WP_Block->render()
#12 C:\Users\user\Local Sites\wpTuto\wpplugintuto\app\public\wp-includes\blocks.php(1133): WP_Block->render()
#13 C:\Users\user\Local Sites\wpTuto\wpplugintuto\app\public\wp-includes\blocks.php(1171): render_block(Array)
#14 C:\Users\user\Local Sites\wpTuto\wpplugintuto\app\public\wp-includes\block-template.php(231): do_blocks('<!-- wp:templat...')
#15 C:\Users\user\Local Sites\wpTuto\wpplugintuto\app\public\wp-includes\template-canvas.php(12): get_the_block_template_html()
#16 C:\Users\user\Local Sites\wpTuto\wpplugintuto\app\public\wp-includes\template-loader.php(106): include('C:\\Users\\user\\L...')
#17 C:\Users\user\Local Sites\wpTuto\wpplugintuto\app\public\wp-blog-header.php(19): require_once('C:\\Users\\user\\L...')
#18 C:\Users\user\Local Sites\wpTuto\wpplugintuto\app\public\index.php(17): require('C:\\Users\\user\\L...')
#19 {main}
  thrown in C:\Users\user\Local Sites\wpTuto\wpplugintuto\app\public\wp-includes\class-wp-hook.php on line 310
[06-Nov-2023 13:01:00 UTC] PHP Fatal error:  Uncaught TypeError: call_user_func_array(): Argument #1 ($callback) must be a valid callback, function "ch2lfa_link_filter_analytics" not found or invalid function name in C:\Users\user\Local Sites\wpTuto\wpplugintuto\app\public\wp-includes\class-wp-hook.php:310
Stack trace:
#0 C:\Users\user\Local Sites\wpTuto\wpplugintuto\app\public\wp-includes\plugin.php(205): WP_Hook->apply_filters('<p>Bienvenue su...', Array)
#1 C:\Users\user\Local Sites\wpTuto\wpplugintuto\app\public\wp-includes\formatting.php(3980): apply_filters('the_content', '\n<p>Bienvenue s...')
#2 C:\Users\user\Local Sites\wpTuto\wpplugintuto\app\public\wp-includes\class-wp-hook.php(310): wp_trim_excerpt('\n<p>Bienvenue s...', Object(WP_Post))
#3 C:\Users\user\Local Sites\wpTuto\wpplugintuto\app\public\wp-includes\plugin.php(205): WP_Hook->apply_filters('', Array)
#4 C:\Users\user\Local Sites\wpTuto\wpplugintuto\app\public\wp-includes\post-template.php(434): apply_filters('get_the_excerpt', '', Object(WP_Post))
#5 C:\Users\user\Local Sites\wpTuto\wpplugintuto\app\public\wp-includes\blocks\post-excerpt.php(28): get_the_excerpt(Object(WP_Post))
#6 C:\Users\user\Local Sites\wpTuto\wpplugintuto\app\public\wp-includes\class-wp-block.php(258): render_block_core_post_excerpt(Array, '', Object(WP_Block))
#7 C:\Users\user\Local Sites\wpTuto\wpplugintuto\app\public\wp-includes\class-wp-block.php(244): WP_Block->render()
#8 C:\Users\user\Local Sites\wpTuto\wpplugintuto\app\public\wp-includes\blocks\post-template.php(107): WP_Block->render(Array)
#9 C:\Users\user\Local Sites\wpTuto\wpplugintuto\app\public\wp-includes\class-wp-block.php(258): render_block_core_post_template(Array, '', Object(WP_Block))
#10 C:\Users\user\Local Sites\wpTuto\wpplugintuto\app\public\wp-includes\class-wp-block.php(244): WP_Block->render()
#11 C:\Users\user\Local Sites\wpTuto\wpplugintuto\app\public\wp-includes\class-wp-block.php(244): WP_Block->render()
#12 C:\Users\user\Local Sites\wpTuto\wpplugintuto\app\public\wp-includes\blocks.php(1133): WP_Block->render()
#13 C:\Users\user\Local Sites\wpTuto\wpplugintuto\app\public\wp-includes\blocks.php(1171): render_block(Array)
#14 C:\Users\user\Local Sites\wpTuto\wpplugintuto\app\public\wp-includes\block-template.php(231): do_blocks('<!-- wp:templat...')
#15 C:\Users\user\Local Sites\wpTuto\wpplugintuto\app\public\wp-includes\template-canvas.php(12): get_the_block_template_html()
#16 C:\Users\user\Local Sites\wpTuto\wpplugintuto\app\public\wp-includes\template-loader.php(106): include('C:\\Users\\user\\L...')
#17 C:\Users\user\Local Sites\wpTuto\wpplugintuto\app\public\wp-blog-header.php(19): require_once('C:\\Users\\user\\L...')
#18 C:\Users\user\Local Sites\wpTuto\wpplugintuto\app\public\index.php(17): require('C:\\Users\\user\\L...')
#19 {main}
  thrown in C:\Users\user\Local Sites\wpTuto\wpplugintuto\app\public\wp-includes\class-wp-hook.php on line 310
[06-Nov-2023 13:01:04 UTC] PHP Fatal error:  Uncaught TypeError: call_user_func_array(): Argument #1 ($callback) must be a valid callback, function "ch2lfa_link_filter_analytics" not found or invalid function name in C:\Users\user\Local Sites\wpTuto\wpplugintuto\app\public\wp-includes\class-wp-hook.php:310
Stack trace:
#0 C:\Users\user\Local Sites\wpTuto\wpplugintuto\app\public\wp-includes\plugin.php(205): WP_Hook->apply_filters('<p>Bienvenue su...', Array)
#1 C:\Users\user\Local Sites\wpTuto\wpplugintuto\app\public\wp-includes\formatting.php(3980): apply_filters('the_content', '\n<p>Bienvenue s...')
#2 C:\Users\user\Local Sites\wpTuto\wpplugintuto\app\public\wp-includes\class-wp-hook.php(310): wp_trim_excerpt('\n<p>Bienvenue s...', Object(WP_Post))
#3 C:\Users\user\Local Sites\wpTuto\wpplugintuto\app\public\wp-includes\plugin.php(205): WP_Hook->apply_filters('', Array)
#4 C:\Users\user\Local Sites\wpTuto\wpplugintuto\app\public\wp-includes\post-template.php(434): apply_filters('get_the_excerpt', '', Object(WP_Post))
#5 C:\Users\user\Local Sites\wpTuto\wpplugintuto\app\public\wp-includes\blocks\post-excerpt.php(28): get_the_excerpt(Object(WP_Post))
#6 C:\Users\user\Local Sites\wpTuto\wpplugintuto\app\public\wp-includes\class-wp-block.php(258): render_block_core_post_excerpt(Array, '', Object(WP_Block))
#7 C:\Users\user\Local Sites\wpTuto\wpplugintuto\app\public\wp-includes\class-wp-block.php(244): WP_Block->render()
#8 C:\Users\user\Local Sites\wpTuto\wpplugintuto\app\public\wp-includes\blocks\post-template.php(107): WP_Block->render(Array)
#9 C:\Users\user\Local Sites\wpTuto\wpplugintuto\app\public\wp-includes\class-wp-block.php(258): render_block_core_post_template(Array, '', Object(WP_Block))
#10 C:\Users\user\Local Sites\wpTuto\wpplugintuto\app\public\wp-includes\class-wp-block.php(244): WP_Block->render()
#11 C:\Users\user\Local Sites\wpTuto\wpplugintuto\app\public\wp-includes\class-wp-block.php(244): WP_Block->render()
#12 C:\Users\user\Local Sites\wpTuto\wpplugintuto\app\public\wp-includes\blocks.php(1133): WP_Block->render()
#13 C:\Users\user\Local Sites\wpTuto\wpplugintuto\app\public\wp-includes\blocks.php(1171): render_block(Array)
#14 C:\Users\user\Local Sites\wpTuto\wpplugintuto\app\public\wp-includes\block-template.php(231): do_blocks('<!-- wp:templat...')
#15 C:\Users\user\Local Sites\wpTuto\wpplugintuto\app\public\wp-includes\template-canvas.php(12): get_the_block_template_html()
#16 C:\Users\user\Local Sites\wpTuto\wpplugintuto\app\public\wp-includes\template-loader.php(106): include('C:\\Users\\user\\L...')
#17 C:\Users\user\Local Sites\wpTuto\wpplugintuto\app\public\wp-blog-header.php(19): require_once('C:\\Users\\user\\L...')
#18 C:\Users\user\Local Sites\wpTuto\wpplugintuto\app\public\index.php(17): require('C:\\Users\\user\\L...')
#19 {main}
  thrown in C:\Users\user\Local Sites\wpTuto\wpplugintuto\app\public\wp-includes\class-wp-hook.php on line 310
[06-Nov-2023 13:01:04 UTC] PHP Fatal error:  Uncaught TypeError: call_user_func_array(): Argument #1 ($callback) must be a valid callback, function "ch2lfa_link_filter_analytics" not found or invalid function name in C:\Users\user\Local Sites\wpTuto\wpplugintuto\app\public\wp-includes\class-wp-hook.php:310
Stack trace:
#0 C:\Users\user\Local Sites\wpTuto\wpplugintuto\app\public\wp-includes\plugin.php(205): WP_Hook->apply_filters('<p>Bienvenue su...', Array)
#1 C:\Users\user\Local Sites\wpTuto\wpplugintuto\app\public\wp-includes\formatting.php(3980): apply_filters('the_content', '\n<p>Bienvenue s...')
#2 C:\Users\user\Local Sites\wpTuto\wpplugintuto\app\public\wp-includes\class-wp-hook.php(310): wp_trim_excerpt('\n<p>Bienvenue s...', Object(WP_Post))
#3 C:\Users\user\Local Sites\wpTuto\wpplugintuto\app\public\wp-includes\plugin.php(205): WP_Hook->apply_filters('', Array)
#4 C:\Users\user\Local Sites\wpTuto\wpplugintuto\app\public\wp-includes\post-template.php(434): apply_filters('get_the_excerpt', '', Object(WP_Post))
#5 C:\Users\user\Local Sites\wpTuto\wpplugintuto\app\public\wp-includes\blocks\post-excerpt.php(28): get_the_excerpt(Object(WP_Post))
#6 C:\Users\user\Local Sites\wpTuto\wpplugintuto\app\public\wp-includes\class-wp-block.php(258): render_block_core_post_excerpt(Array, '', Object(WP_Block))
#7 C:\Users\user\Local Sites\wpTuto\wpplugintuto\app\public\wp-includes\class-wp-block.php(244): WP_Block->render()
#8 C:\Users\user\Local Sites\wpTuto\wpplugintuto\app\public\wp-includes\blocks\post-template.php(107): WP_Block->render(Array)
#9 C:\Users\user\Local Sites\wpTuto\wpplugintuto\app\public\wp-includes\class-wp-block.php(258): render_block_core_post_template(Array, '', Object(WP_Block))
#10 C:\Users\user\Local Sites\wpTuto\wpplugintuto\app\public\wp-includes\class-wp-block.php(244): WP_Block->render()
#11 C:\Users\user\Local Sites\wpTuto\wpplugintuto\app\public\wp-includes\class-wp-block.php(244): WP_Block->render()
#12 C:\Users\user\Local Sites\wpTuto\wpplugintuto\app\public\wp-includes\blocks.php(1133): WP_Block->render()
#13 C:\Users\user\Local Sites\wpTuto\wpplugintuto\app\public\wp-includes\blocks.php(1171): render_block(Array)
#14 C:\Users\user\Local Sites\wpTuto\wpplugintuto\app\public\wp-includes\block-template.php(231): do_blocks('<!-- wp:templat...')
#15 C:\Users\user\Local Sites\wpTuto\wpplugintuto\app\public\wp-includes\template-canvas.php(12): get_the_block_template_html()
#16 C:\Users\user\Local Sites\wpTuto\wpplugintuto\app\public\wp-includes\template-loader.php(106): include('C:\\Users\\user\\L...')
#17 C:\Users\user\Local Sites\wpTuto\wpplugintuto\app\public\wp-blog-header.php(19): require_once('C:\\Users\\user\\L...')
#18 C:\Users\user\Local Sites\wpTuto\wpplugintuto\app\public\index.php(17): require('C:\\Users\\user\\L...')
#19 {main}
  thrown in C:\Users\user\Local Sites\wpTuto\wpplugintuto\app\public\wp-includes\class-wp-hook.php on line 310
[06-Nov-2023 13:01:37 UTC] PHP Fatal error:  Uncaught TypeError: call_user_func_array(): Argument #1 ($callback) must be a valid callback, function "ch2lfa_link_filter_analytics" not found or invalid function name in C:\Users\user\Local Sites\wpTuto\wpplugintuto\app\public\wp-includes\class-wp-hook.php:310
Stack trace:
#0 C:\Users\user\Local Sites\wpTuto\wpplugintuto\app\public\wp-includes\plugin.php(205): WP_Hook->apply_filters('<p>Bienvenue su...', Array)
#1 C:\Users\user\Local Sites\wpTuto\wpplugintuto\app\public\wp-includes\formatting.php(3980): apply_filters('the_content', '\n<p>Bienvenue s...')
#2 C:\Users\user\Local Sites\wpTuto\wpplugintuto\app\public\wp-includes\class-wp-hook.php(310): wp_trim_excerpt('\n<p>Bienvenue s...', Object(WP_Post))
#3 C:\Users\user\Local Sites\wpTuto\wpplugintuto\app\public\wp-includes\plugin.php(205): WP_Hook->apply_filters('', Array)
#4 C:\Users\user\Local Sites\wpTuto\wpplugintuto\app\public\wp-includes\post-template.php(434): apply_filters('get_the_excerpt', '', Object(WP_Post))
#5 C:\Users\user\Local Sites\wpTuto\wpplugintuto\app\public\wp-includes\blocks\post-excerpt.php(28): get_the_excerpt(Object(WP_Post))
#6 C:\Users\user\Local Sites\wpTuto\wpplugintuto\app\public\wp-includes\class-wp-block.php(258): render_block_core_post_excerpt(Array, '', Object(WP_Block))
#7 C:\Users\user\Local Sites\wpTuto\wpplugintuto\app\public\wp-includes\class-wp-block.php(244): WP_Block->render()
#8 C:\Users\user\Local Sites\wpTuto\wpplugintuto\app\public\wp-includes\blocks\post-template.php(107): WP_Block->render(Array)
#9 C:\Users\user\Local Sites\wpTuto\wpplugintuto\app\public\wp-includes\class-wp-block.php(258): render_block_core_post_template(Array, '', Object(WP_Block))
#10 C:\Users\user\Local Sites\wpTuto\wpplugintuto\app\public\wp-includes\class-wp-block.php(244): WP_Block->render()
#11 C:\Users\user\Local Sites\wpTuto\wpplugintuto\app\public\wp-includes\class-wp-block.php(244): WP_Block->render()
#12 C:\Users\user\Local Sites\wpTuto\wpplugintuto\app\public\wp-includes\blocks.php(1133): WP_Block->render()
#13 C:\Users\user\Local Sites\wpTuto\wpplugintuto\app\public\wp-includes\blocks.php(1171): render_block(Array)
#14 C:\Users\user\Local Sites\wpTuto\wpplugintuto\app\public\wp-includes\block-template.php(231): do_blocks('<!-- wp:templat...')
#15 C:\Users\user\Local Sites\wpTuto\wpplugintuto\app\public\wp-includes\template-canvas.php(12): get_the_block_template_html()
#16 C:\Users\user\Local Sites\wpTuto\wpplugintuto\app\public\wp-includes\template-loader.php(106): include('C:\\Users\\user\\L...')
#17 C:\Users\user\Local Sites\wpTuto\wpplugintuto\app\public\wp-blog-header.php(19): require_once('C:\\Users\\user\\L...')
#18 C:\Users\user\Local Sites\wpTuto\wpplugintuto\app\public\index.php(17): require('C:\\Users\\user\\L...')
#19 {main}
  thrown in C:\Users\user\Local Sites\wpTuto\wpplugintuto\app\public\wp-includes\class-wp-hook.php on line 310
[06-Nov-2023 13:01:39 UTC] PHP Fatal error:  Uncaught TypeError: call_user_func_array(): Argument #1 ($callback) must be a valid callback, function "ch2lfa_link_filter_analytics" not found or invalid function name in C:\Users\user\Local Sites\wpTuto\wpplugintuto\app\public\wp-includes\class-wp-hook.php:310
Stack trace:
#0 C:\Users\user\Local Sites\wpTuto\wpplugintuto\app\public\wp-includes\plugin.php(205): WP_Hook->apply_filters('<p>Bienvenue su...', Array)
#1 C:\Users\user\Local Sites\wpTuto\wpplugintuto\app\public\wp-includes\formatting.php(3980): apply_filters('the_content', '\n<p>Bienvenue s...')
#2 C:\Users\user\Local Sites\wpTuto\wpplugintuto\app\public\wp-includes\class-wp-hook.php(310): wp_trim_excerpt('\n<p>Bienvenue s...', Object(WP_Post))
#3 C:\Users\user\Local Sites\wpTuto\wpplugintuto\app\public\wp-includes\plugin.php(205): WP_Hook->apply_filters('', Array)
#4 C:\Users\user\Local Sites\wpTuto\wpplugintuto\app\public\wp-includes\post-template.php(434): apply_filters('get_the_excerpt', '', Object(WP_Post))
#5 C:\Users\user\Local Sites\wpTuto\wpplugintuto\app\public\wp-includes\blocks\post-excerpt.php(28): get_the_excerpt(Object(WP_Post))
#6 C:\Users\user\Local Sites\wpTuto\wpplugintuto\app\public\wp-includes\class-wp-block.php(258): render_block_core_post_excerpt(Array, '', Object(WP_Block))
#7 C:\Users\user\Local Sites\wpTuto\wpplugintuto\app\public\wp-includes\class-wp-block.php(244): WP_Block->render()
#8 C:\Users\user\Local Sites\wpTuto\wpplugintuto\app\public\wp-includes\blocks\post-template.php(107): WP_Block->render(Array)
#9 C:\Users\user\Local Sites\wpTuto\wpplugintuto\app\public\wp-includes\class-wp-block.php(258): render_block_core_post_template(Array, '', Object(WP_Block))
#10 C:\Users\user\Local Sites\wpTuto\wpplugintuto\app\public\wp-includes\class-wp-block.php(244): WP_Block->render()
#11 C:\Users\user\Local Sites\wpTuto\wpplugintuto\app\public\wp-includes\class-wp-block.php(244): WP_Block->render()
#12 C:\Users\user\Local Sites\wpTuto\wpplugintuto\app\public\wp-includes\blocks.php(1133): WP_Block->render()
#13 C:\Users\user\Local Sites\wpTuto\wpplugintuto\app\public\wp-includes\blocks.php(1171): render_block(Array)
#14 C:\Users\user\Local Sites\wpTuto\wpplugintuto\app\public\wp-includes\block-template.php(231): do_blocks('<!-- wp:templat...')
#15 C:\Users\user\Local Sites\wpTuto\wpplugintuto\app\public\wp-includes\template-canvas.php(12): get_the_block_template_html()
#16 C:\Users\user\Local Sites\wpTuto\wpplugintuto\app\public\wp-includes\template-loader.php(106): include('C:\\Users\\user\\L...')
#17 C:\Users\user\Local Sites\wpTuto\wpplugintuto\app\public\wp-blog-header.php(19): require_once('C:\\Users\\user\\L...')
#18 C:\Users\user\Local Sites\wpTuto\wpplugintuto\app\public\index.php(17): require('C:\\Users\\user\\L...')
#19 {main}
  thrown in C:\Users\user\Local Sites\wpTuto\wpplugintuto\app\public\wp-includes\class-wp-hook.php on line 310
[06-Nov-2023 13:01:59 UTC] PHP Fatal error:  Uncaught TypeError: call_user_func_array(): Argument #1 ($callback) must be a valid callback, function "ch2lfa_link_filter_analytics" not found or invalid function name in C:\Users\user\Local Sites\wpTuto\wpplugintuto\app\public\wp-includes\class-wp-hook.php:310
Stack trace:
#0 C:\Users\user\Local Sites\wpTuto\wpplugintuto\app\public\wp-includes\plugin.php(205): WP_Hook->apply_filters('<p>Bienvenue su...', Array)
#1 C:\Users\user\Local Sites\wpTuto\wpplugintuto\app\public\wp-includes\formatting.php(3980): apply_filters('the_content', '\n<p>Bienvenue s...')
#2 C:\Users\user\Local Sites\wpTuto\wpplugintuto\app\public\wp-includes\class-wp-hook.php(310): wp_trim_excerpt('\n<p>Bienvenue s...', Object(WP_Post))
#3 C:\Users\user\Local Sites\wpTuto\wpplugintuto\app\public\wp-includes\plugin.php(205): WP_Hook->apply_filters('', Array)
#4 C:\Users\user\Local Sites\wpTuto\wpplugintuto\app\public\wp-includes\post-template.php(434): apply_filters('get_the_excerpt', '', Object(WP_Post))
#5 C:\Users\user\Local Sites\wpTuto\wpplugintuto\app\public\wp-includes\blocks\post-excerpt.php(28): get_the_excerpt(Object(WP_Post))
#6 C:\Users\user\Local Sites\wpTuto\wpplugintuto\app\public\wp-includes\class-wp-block.php(258): render_block_core_post_excerpt(Array, '', Object(WP_Block))
#7 C:\Users\user\Local Sites\wpTuto\wpplugintuto\app\public\wp-includes\class-wp-block.php(244): WP_Block->render()
#8 C:\Users\user\Local Sites\wpTuto\wpplugintuto\app\public\wp-includes\blocks\post-template.php(107): WP_Block->render(Array)
#9 C:\Users\user\Local Sites\wpTuto\wpplugintuto\app\public\wp-includes\class-wp-block.php(258): render_block_core_post_template(Array, '', Object(WP_Block))
#10 C:\Users\user\Local Sites\wpTuto\wpplugintuto\app\public\wp-includes\class-wp-block.php(244): WP_Block->render()
#11 C:\Users\user\Local Sites\wpTuto\wpplugintuto\app\public\wp-includes\class-wp-block.php(244): WP_Block->render()
#12 C:\Users\user\Local Sites\wpTuto\wpplugintuto\app\public\wp-includes\blocks.php(1133): WP_Block->render()
#13 C:\Users\user\Local Sites\wpTuto\wpplugintuto\app\public\wp-includes\blocks.php(1171): render_block(Array)
#14 C:\Users\user\Local Sites\wpTuto\wpplugintuto\app\public\wp-includes\block-template.php(231): do_blocks('<!-- wp:templat...')
#15 C:\Users\user\Local Sites\wpTuto\wpplugintuto\app\public\wp-includes\template-canvas.php(12): get_the_block_template_html()
#16 C:\Users\user\Local Sites\wpTuto\wpplugintuto\app\public\wp-includes\template-loader.php(106): include('C:\\Users\\user\\L...')
#17 C:\Users\user\Local Sites\wpTuto\wpplugintuto\app\public\wp-blog-header.php(19): require_once('C:\\Users\\user\\L...')
#18 C:\Users\user\Local Sites\wpTuto\wpplugintuto\app\public\index.php(17): require('C:\\Users\\user\\L...')
#19 {main}
  thrown in C:\Users\user\Local Sites\wpTuto\wpplugintuto\app\public\wp-includes\class-wp-hook.php on line 310
[08-Nov-2023 16:31:51 UTC] PHP Parse error:  syntax error, unexpected token "require_once", expecting "function" or "const" in C:\Users\user\Local Sites\wpTuto\wpplugintuto\app\public\wp-content\plugins\contact-plugin\contact-plugin.php on line 21
[08-Nov-2023 16:33:52 UTC] PHP Parse error:  syntax error, unexpected token "require_once", expecting "function" or "const" in C:\Users\user\Local Sites\wpTuto\wpplugintuto\app\public\wp-content\plugins\contact-plugin\contact-plugin.php on line 21
